# JRE version: OpenJDK Runtime Environment Temurin-21.0.10+7 (21.0.10+7) (build 21.0.10+7-LTS)
# Java VM: OpenJDK 64-Bit Server VM Temurin-21.0.10+7 (21.0.10+7-LTS, mixed mode, sharing, tiered, compressed oops, compressed class ptrs, g1 gc, windows-amd64)
GC Precious Log:
 CardTable entry size: 512
 Card Set container configuration: InlinePtr #cards 5 size 8 Array Of Cards #cards 12 size 40 Howl #buckets 4 coarsen threshold 1843 Howl Bitmap #cards 512 size 80 coarsen threshold 460 Card regions per heap region 1 cards per card region 2048
 CPUs: 32 total, 32 available
 Memory: 15540M
 Large Page Support: Disabled
 NUMA Support: Disabled
 Compressed Oops: Enabled (32-bit)
 Heap Region Size: 1M
 Heap Min Capacity: 8M
 Heap Initial Capacity: 244M
 Heap Max Capacity: 1G
 Pre-touch: Disabled
 Parallel Workers: 23
 Concurrent Workers: 6
 Concurrent Refinement Workers: 23
 Periodic GC: Disabled
Heap:
 garbage-first heap   total 234496K, used 152021K [0x00000000c0000000, 0x0000000100000000)
  region size 1024K, 17 young (17408K), 9 survivors (9216K)
 Metaspace       used 154698K, committed 157504K, reserved 1245184K
  class space    used 20977K, committed 22400K, reserved 1048576K
GC Heap History (20 events):
Event: 744.519 GC heap before
{Heap before GC invocations=45 (full 0):
 garbage-first heap   total 196608K, used 177822K [0x00000000c0000000, 0x0000000100000000)
  region size 1024K, 61 young (62464K), 6 survivors (6144K)
 Metaspace       used 100904K, committed 103168K, reserved 1179648K
  class space    used 14195K, committed 15360K, reserved 1048576K
}
Event: 744.526 GC heap after
{Heap after GC invocations=46 (full 0):
 garbage-first heap   total 196608K, used 117493K [0x00000000c0000000, 0x0000000100000000)
  region size 1024K, 2 young (2048K), 2 survivors (2048K)
 Metaspace       used 100904K, committed 103168K, reserved 1179648K
  class space    used 14195K, committed 15360K, reserved 1048576K
}
Event: 772.813 GC heap before
{Heap before GC invocations=46 (full 0):
 garbage-first heap   total 196608K, used 179957K [0x00000000c0000000, 0x0000000100000000)
  region size 1024K, 63 young (64512K), 2 survivors (2048K)
 Metaspace       used 101139K, committed 103488K, reserved 1179648K
  class space    used 14206K, committed 15360K, reserved 1048576K
}
Event: 772.840 GC heap after
{Heap after GC invocations=47 (full 0):
 garbage-first heap   total 196608K, used 116922K [0x00000000c0000000, 0x0000000100000000)
  region size 1024K, 1 young (1024K), 1 survivors (1024K)
 Metaspace       used 101139K, committed 103488K, reserved 1179648K
  class space    used 14206K, committed 15360K, reserved 1048576K
}
Event: 776.327 GC heap before
{Heap before GC invocations=48 (full 0):
 garbage-first heap   total 196608K, used 179386K [0x00000000c0000000, 0x0000000100000000)
  region size 1024K, 65 young (66560K), 1 survivors (1024K)
 Metaspace       used 107915K, committed 110272K, reserved 1179648K
  class space    used 15066K, committed 16256K, reserved 1048576K
}
Event: 776.337 GC heap after
{Heap after GC invocations=49 (full 0):
 garbage-first heap   total 196608K, used 120111K [0x00000000c0000000, 0x0000000100000000)
  region size 1024K, 7 young (7168K), 7 survivors (7168K)
 Metaspace       used 107915K, committed 110272K, reserved 1179648K
  class space    used 15066K, committed 16256K, reserved 1048576K
}
Event: 777.600 GC heap before
{Heap before GC invocations=49 (full 0):
 garbage-first heap   total 196608K, used 180527K [0x00000000c0000000, 0x0000000100000000)
  region size 1024K, 66 young (67584K), 7 survivors (7168K)
 Metaspace       used 115800K, committed 118144K, reserved 1179648K
  class space    used 16401K, committed 17536K, reserved 1048576K
}
Event: 777.612 GC heap after
{Heap after GC invocations=50 (full 0):
 garbage-first heap   total 196608K, used 110584K [0x00000000c0000000, 0x0000000100000000)
  region size 1024K, 4 young (4096K), 4 survivors (4096K)
 Metaspace       used 115800K, committed 118144K, reserved 1179648K
  class space    used 16401K, committed 17536K, reserved 1048576K
}
Event: 778.812 GC heap before
{Heap before GC invocations=50 (full 0):
 garbage-first heap   total 196608K, used 180216K [0x00000000c0000000, 0x0000000100000000)
  region size 1024K, 72 young (73728K), 4 survivors (4096K)
 Metaspace       used 125850K, committed 128192K, reserved 1179648K
  class space    used 17653K, committed 18816K, reserved 1048576K
}
Event: 778.822 GC heap after
{Heap after GC invocations=51 (full 0):
 garbage-first heap   total 196608K, used 112590K [0x00000000c0000000, 0x0000000100000000)
  region size 1024K, 6 young (6144K), 6 survivors (6144K)
 Metaspace       used 125850K, committed 128192K, reserved 1179648K
  class space    used 17653K, committed 18816K, reserved 1048576K
}
Event: 779.589 GC heap before
{Heap before GC invocations=52 (full 0):
 garbage-first heap   total 196608K, used 189390K [0x00000000c0000000, 0x0000000100000000)
  region size 1024K, 73 young (74752K), 6 survivors (6144K)
 Metaspace       used 129985K, committed 132480K, reserved 1179648K
  class space    used 18151K, committed 19392K, reserved 1048576K
}
Event: 779.603 GC heap after
{Heap after GC invocations=53 (full 0):
 garbage-first heap   total 208896K, used 126350K [0x00000000c0000000, 0x0000000100000000)
  region size 1024K, 10 young (10240K), 10 survivors (10240K)
 Metaspace       used 129985K, committed 132480K, reserved 1179648K
  class space    used 18151K, committed 19392K, reserved 1048576K
}
Event: 780.388 GC heap before
{Heap before GC invocations=53 (full 0):
 garbage-first heap   total 208896K, used 193934K [0x00000000c0000000, 0x0000000100000000)
  region size 1024K, 69 young (70656K), 10 survivors (10240K)
 Metaspace       used 137052K, committed 139584K, reserved 1179648K
  class space    used 18823K, committed 20096K, reserved 1048576K
}
Event: 780.395 GC heap after
{Heap after GC invocations=54 (full 0):
 garbage-first heap   total 214016K, used 136922K [0x00000000c0000000, 0x0000000100000000)
  region size 1024K, 6 young (6144K), 6 survivors (6144K)
 Metaspace       used 137052K, committed 139584K, reserved 1179648K
  class space    used 18823K, committed 20096K, reserved 1048576K
}
Event: 781.158 GC heap before
{Heap before GC invocations=54 (full 0):
 garbage-first heap   total 214016K, used 194266K [0x00000000c0000000, 0x0000000100000000)
  region size 1024K, 62 young (63488K), 6 survivors (6144K)
 Metaspace       used 143872K, committed 146624K, reserved 1179648K
  class space    used 19701K, committed 21120K, reserved 1048576K
}
Event: 781.162 GC heap after
{Heap after GC invocations=55 (full 0):
 garbage-first heap   total 214016K, used 139915K [0x00000000c0000000, 0x0000000100000000)
  region size 1024K, 4 young (4096K), 4 survivors (4096K)
 Metaspace       used 143872K, committed 146624K, reserved 1179648K
  class space    used 19701K, committed 21120K, reserved 1048576K
}
Event: 781.730 GC heap before
{Heap before GC invocations=56 (full 0):
 garbage-first heap   total 234496K, used 196235K [0x00000000c0000000, 0x0000000100000000)
  region size 1024K, 59 young (60416K), 4 survivors (4096K)
 Metaspace       used 148174K, committed 150912K, reserved 1179648K
  class space    used 20265K, committed 21632K, reserved 1048576K
}
Event: 781.734 GC heap after
{Heap after GC invocations=57 (full 0):
 garbage-first heap   total 234496K, used 143430K [0x00000000c0000000, 0x0000000100000000)
  region size 1024K, 8 young (8192K), 8 survivors (8192K)
 Metaspace       used 148174K, committed 150912K, reserved 1179648K
  class space    used 20265K, committed 21632K, reserved 1048576K
}
Event: 782.677 GC heap before
{Heap before GC invocations=57 (full 0):
 garbage-first heap   total 234496K, used 215110K [0x00000000c0000000, 0x0000000100000000)
  region size 1024K, 78 young (79872K), 8 survivors (8192K)
 Metaspace       used 154154K, committed 156928K, reserved 1245184K
  class space    used 20935K, committed 22336K, reserved 1048576K
}
Event: 782.682 GC heap after
{Heap after GC invocations=58 (full 0):
 garbage-first heap   total 234496K, used 144853K [0x00000000c0000000, 0x0000000100000000)
  region size 1024K, 9 young (9216K), 9 survivors (9216K)
 Metaspace       used 154154K, committed 156928K, reserved 1245184K
  class space    used 20935K, committed 22336K, reserved 1048576K
}

