# JRE version: OpenJDK Runtime Environment (21.0.8) (build 21.0.8+-14196175-b1038.72)
# Java VM: OpenJDK 64-Bit Server VM (21.0.8+-14196175-b1038.72, mixed mode, tiered, compressed oops, compressed class ptrs, g1 gc, windows-amd64)
GC Precious Log:
 CardTable entry size: 512
 Card Set container configuration: InlinePtr #cards 5 size 8 Array Of Cards #cards 12 size 40 Howl #buckets 4 coarsen threshold 1843 Howl Bitmap #cards 512 size 80 coarsen threshold 460 Card regions per heap region 1 cards per card region 2048
 CPUs: 32 total, 32 available
 Memory: 15540M
 Large Page Support: Disabled
 NUMA Support: Disabled
 Compressed Oops: Enabled (32-bit)
 Heap Region Size: 1M
 Heap Min Capacity: 8M
 Heap Initial Capacity: 244M
 Heap Max Capacity: 1G
 Pre-touch: Disabled
 Parallel Workers: 23
 Concurrent Workers: 6
 Concurrent Refinement Workers: 23
 Periodic GC: Disabled
Heap:
 garbage-first heap   total 159744K, used 121953K [0x00000000c0000000, 0x0000000100000000)
  region size 1024K, 29 young (29696K), 3 survivors (3072K)
 Metaspace       used 69878K, committed 71616K, reserved 1114112K
  class space    used 9819K, committed 10624K, reserved 1048576K
GC Heap History (20 events):
Event: 5.431 GC heap before
{Heap before GC invocations=7 (full 0):
 garbage-first heap   total 79872K, used 39321K [0x00000000c0000000, 0x0000000100000000)
  region size 1024K, 21 young (21504K), 6 survivors (6144K)
 Metaspace       used 35162K, committed 35968K, reserved 1114112K
  class space    used 4858K, committed 5248K, reserved 1048576K
}
Event: 5.433 GC heap after
{Heap after GC invocations=8 (full 0):
 garbage-first heap   total 79872K, used 25751K [0x00000000c0000000, 0x0000000100000000)
  region size 1024K, 4 young (4096K), 4 survivors (4096K)
 Metaspace       used 35162K, committed 35968K, reserved 1114112K
  class space    used 4858K, committed 5248K, reserved 1048576K
}
Event: 5.818 GC heap before
{Heap before GC invocations=9 (full 0):
 garbage-first heap   total 79872K, used 77975K [0x00000000c0000000, 0x0000000100000000)
  region size 1024K, 28 young (28672K), 4 survivors (4096K)
 Metaspace       used 37438K, committed 38464K, reserved 1114112K
  class space    used 5277K, committed 5760K, reserved 1048576K
}
Event: 5.822 GC heap after
{Heap after GC invocations=10 (full 0):
 garbage-first heap   total 90112K, used 60785K [0x00000000c0000000, 0x0000000100000000)
  region size 1024K, 6 young (6144K), 6 survivors (6144K)
 Metaspace       used 37438K, committed 38464K, reserved 1114112K
  class space    used 5277K, committed 5760K, reserved 1048576K
}
Event: 6.040 GC heap before
{Heap before GC invocations=10 (full 0):
 garbage-first heap   total 90112K, used 78193K [0x00000000c0000000, 0x0000000100000000)
  region size 1024K, 23 young (23552K), 6 survivors (6144K)
 Metaspace       used 39864K, committed 40832K, reserved 1114112K
  class space    used 5628K, committed 6080K, reserved 1048576K
}
Event: 6.043 GC heap after
{Heap after GC invocations=11 (full 0):
 garbage-first heap   total 90112K, used 62120K [0x00000000c0000000, 0x0000000100000000)
  region size 1024K, 1 young (1024K), 1 survivors (1024K)
 Metaspace       used 39864K, committed 40832K, reserved 1114112K
  class space    used 5628K, committed 6080K, reserved 1048576K
}
Event: 6.310 GC heap before
{Heap before GC invocations=11 (full 0):
 garbage-first heap   total 90112K, used 81576K [0x00000000c0000000, 0x0000000100000000)
  region size 1024K, 20 young (20480K), 1 survivors (1024K)
 Metaspace       used 44023K, committed 44992K, reserved 1114112K
  class space    used 6145K, committed 6656K, reserved 1048576K
}
Event: 6.313 GC heap after
{Heap after GC invocations=12 (full 0):
 garbage-first heap   total 90112K, used 63981K [0x00000000c0000000, 0x0000000100000000)
  region size 1024K, 3 young (3072K), 3 survivors (3072K)
 Metaspace       used 44023K, committed 44992K, reserved 1114112K
  class space    used 6145K, committed 6656K, reserved 1048576K
}
Event: 6.508 GC heap before
{Heap before GC invocations=13 (full 0):
 garbage-first heap   total 107520K, used 80365K [0x00000000c0000000, 0x0000000100000000)
  region size 1024K, 20 young (20480K), 3 survivors (3072K)
 Metaspace       used 46597K, committed 47552K, reserved 1114112K
  class space    used 6405K, committed 6848K, reserved 1048576K
}
Event: 6.511 GC heap after
{Heap after GC invocations=14 (full 0):
 garbage-first heap   total 107520K, used 66467K [0x00000000c0000000, 0x0000000100000000)
  region size 1024K, 3 young (3072K), 3 survivors (3072K)
 Metaspace       used 46597K, committed 47552K, reserved 1114112K
  class space    used 6405K, committed 6848K, reserved 1048576K
}
Event: 6.699 GC heap before
{Heap before GC invocations=14 (full 0):
 garbage-first heap   total 107520K, used 100259K [0x00000000c0000000, 0x0000000100000000)
  region size 1024K, 31 young (31744K), 3 survivors (3072K)
 Metaspace       used 48632K, committed 49664K, reserved 1114112K
  class space    used 6597K, committed 7104K, reserved 1048576K
}
Event: 6.702 GC heap after
{Heap after GC invocations=15 (full 0):
 garbage-first heap   total 148480K, used 67697K [0x00000000c0000000, 0x0000000100000000)
  region size 1024K, 4 young (4096K), 4 survivors (4096K)
 Metaspace       used 48632K, committed 49664K, reserved 1114112K
  class space    used 6597K, committed 7104K, reserved 1048576K
}
Event: 8.338 GC heap before
{Heap before GC invocations=15 (full 0):
 garbage-first heap   total 148480K, used 127089K [0x00000000c0000000, 0x0000000100000000)
  region size 1024K, 62 young (63488K), 4 survivors (4096K)
 Metaspace       used 55636K, committed 57088K, reserved 1114112K
  class space    used 7775K, committed 8512K, reserved 1048576K
}
Event: 8.341 GC heap after
{Heap after GC invocations=16 (full 0):
 garbage-first heap   total 148480K, used 71788K [0x00000000c0000000, 0x0000000100000000)
  region size 1024K, 8 young (8192K), 8 survivors (8192K)
 Metaspace       used 55636K, committed 57088K, reserved 1114112K
  class space    used 7775K, committed 8512K, reserved 1048576K
}
Event: 8.625 GC heap before
{Heap before GC invocations=16 (full 0):
 garbage-first heap   total 148480K, used 92268K [0x00000000c0000000, 0x0000000100000000)
  region size 1024K, 29 young (29696K), 8 survivors (8192K)
 Metaspace       used 57874K, committed 59328K, reserved 1114112K
  class space    used 8171K, committed 8896K, reserved 1048576K
}
Event: 8.629 GC heap after
{Heap after GC invocations=17 (full 0):
 garbage-first heap   total 148480K, used 73828K [0x00000000c0000000, 0x0000000100000000)
  region size 1024K, 7 young (7168K), 7 survivors (7168K)
 Metaspace       used 57874K, committed 59328K, reserved 1114112K
  class space    used 8171K, committed 8896K, reserved 1048576K
}
Event: 9.070 GC heap before
{Heap before GC invocations=18 (full 0):
 garbage-first heap   total 148480K, used 146532K [0x00000000c0000000, 0x0000000100000000)
  region size 1024K, 61 young (62464K), 7 survivors (7168K)
 Metaspace       used 60878K, committed 62528K, reserved 1114112K
  class space    used 8450K, committed 9216K, reserved 1048576K
}
Event: 9.075 GC heap after
{Heap after GC invocations=19 (full 0):
 garbage-first heap   total 159744K, used 94957K [0x00000000c0000000, 0x0000000100000000)
  region size 1024K, 7 young (7168K), 7 survivors (7168K)
 Metaspace       used 60878K, committed 62528K, reserved 1114112K
  class space    used 8450K, committed 9216K, reserved 1048576K
}
Event: 9.599 GC heap before
{Heap before GC invocations=19 (full 0):
 garbage-first heap   total 159744K, used 143085K [0x00000000c0000000, 0x0000000100000000)
  region size 1024K, 54 young (55296K), 7 survivors (7168K)
 Metaspace       used 66649K, committed 68288K, reserved 1114112K
  class space    used 9316K, committed 10112K, reserved 1048576K
}
Event: 9.603 GC heap after
{Heap after GC invocations=20 (full 0):
 garbage-first heap   total 159744K, used 96353K [0x00000000c0000000, 0x0000000100000000)
  region size 1024K, 3 young (3072K), 3 survivors (3072K)
 Metaspace       used 66649K, committed 68288K, reserved 1114112K
  class space    used 9316K, committed 10112K, reserved 1048576K
}

